<?xml version="1.0" encoding="UTF-8"?>
<!-- Generated by org.testng.reporters.JUnitReportReporter -->
<testsuite hostname="DESKTOP-16QC0VA" failures="0" tests="1" name="maven.AppTest" time="0.050" errors="0" timestamp="2023-03-30T13:57:30 IST" skipped="0">
  <testcase classname="maven.AppTest" name="shouldAnswerWithTrue" time="0.050"/>
  <system-out/>
</testsuite> <!-- maven.AppTest -->
